<?xml version="1.0" encoding="UTF-8"?>
<!-- Generated by org.testng.reporters.JUnitXMLReporter -->
<testsuite hostname="DESKTOP-23SEJBF" ignored="0" name="Default test" tests="3" failures="0" timestamp="04 Jan 2022 11:34:52 GMT" time="0.104" errors="0">
  <testcase name="balaji" time="0.011" classname="com.Testng.Testng_cls"/>
  <testcase name="mathi" time="0.006" classname="com.Testng.Testng_cls"/>
  <testcase name="venkadesan" time="0.004" classname="com.Testng.Testng_cls"/>
</testsuite> <!-- Default test -->
